<?xml version="1.0" encoding="UTF-8"?>
<testsuite name="MatrixTest" tests="11" skipped="0" failures="0" errors="0" timestamp="2016-10-20T23:42:05" hostname="DESKTOP-4GC1UUL" time="0.006">
  <properties/>
  <testcase name="addExceptionOnWrongMatrix" classname="MatrixTest" time="0.002"/>
  <testcase name="equals" classname="MatrixTest" time="0.0"/>
  <testcase name="multiplyExceptionOnWrongMatrix" classname="MatrixTest" time="0.0"/>
  <testcase name="setTableExceptionOnWrongTable" classname="MatrixTest" time="0.0"/>
  <testcase name="getCols" classname="MatrixTest" time="0.0"/>
  <testcase name="getRows" classname="MatrixTest" time="0.0"/>
  <testcase name="add" classname="MatrixTest" time="0.0"/>
  <testcase name="multiply" classname="MatrixTest" time="0.0"/>
  <testcase name="multipleScalar" classname="MatrixTest" time="0.0"/>
  <testcase name="getTable" classname="MatrixTest" time="0.002"/>
  <testcase name="setTableExceptionOnEmptyTable" classname="MatrixTest" time="0.0"/>
  <system-out><![CDATA[]]></system-out>
  <system-err><![CDATA[]]></system-err>
</testsuite>
